0 info it worked if it ends with ok
1 verbose cli [ '/usr/local/bin/node', '/usr/local/bin/npm', 'run', 'dev' ]
2 info using npm@3.10.6
3 info using node@v5.4.1
4 verbose run-script [ 'predev', 'dev', 'postdev' ]
5 info lifecycle greenxiii-portfolio@1.0.0~predev: greenxiii-portfolio@1.0.0
6 silly lifecycle greenxiii-portfolio@1.0.0~predev: no script for predev, continuing
7 info lifecycle greenxiii-portfolio@1.0.0~dev: greenxiii-portfolio@1.0.0
8 verbose lifecycle greenxiii-portfolio@1.0.0~dev: unsafe-perm in lifecycle true
9 verbose lifecycle greenxiii-portfolio@1.0.0~dev: PATH: /usr/local/lib/node_modules/npm/bin/node-gyp-bin:/var/www/portfolio/node_modules/.bin:/usr/local/sbin:/usr/local/bin:/usr/sbin:/usr/bin:/sbin:/bin:/usr/games:/usr/local/games
10 verbose lifecycle greenxiii-portfolio@1.0.0~dev: CWD: /var/www/portfolio
11 silly lifecycle greenxiii-portfolio@1.0.0~dev: Args: [ '-c', 'webpack-dev-server --inline --hot' ]
12 silly lifecycle greenxiii-portfolio@1.0.0~dev: Returned: code: 1  signal: null
13 info lifecycle greenxiii-portfolio@1.0.0~dev: Failed to exec dev script
14 verbose stack Error: greenxiii-portfolio@1.0.0 dev: `webpack-dev-server --inline --hot`
14 verbose stack Exit status 1
14 verbose stack     at EventEmitter.<anonymous> (/usr/local/lib/node_modules/npm/lib/utils/lifecycle.js:255:16)
14 verbose stack     at emitTwo (events.js:87:13)
14 verbose stack     at EventEmitter.emit (events.js:172:7)
14 verbose stack     at ChildProcess.<anonymous> (/usr/local/lib/node_modules/npm/lib/utils/spawn.js:40:14)
14 verbose stack     at emitTwo (events.js:87:13)
14 verbose stack     at ChildProcess.emit (events.js:172:7)
14 verbose stack     at maybeClose (internal/child_process.js:821:16)
14 verbose stack     at Process.ChildProcess._handle.onexit (internal/child_process.js:211:5)
15 verbose pkgid greenxiii-portfolio@1.0.0
16 verbose cwd /var/www/portfolio
17 error Linux 4.2.0-38-generic
18 error argv "/usr/local/bin/node" "/usr/local/bin/npm" "run" "dev"
19 error node v5.4.1
20 error npm  v3.10.6
21 error code ELIFECYCLE
22 error greenxiii-portfolio@1.0.0 dev: `webpack-dev-server --inline --hot`
22 error Exit status 1
23 error Failed at the greenxiii-portfolio@1.0.0 dev script 'webpack-dev-server --inline --hot'.
23 error Make sure you have the latest version of node.js and npm installed.
23 error If you do, this is most likely a problem with the greenxiii-portfolio package,
23 error not with npm itself.
23 error Tell the author that this fails on your system:
23 error     webpack-dev-server --inline --hot
23 error You can get information on how to open an issue for this project with:
23 error     npm bugs greenxiii-portfolio
23 error Or if that isn't available, you can get their info via:
23 error     npm owner ls greenxiii-portfolio
23 error There is likely additional logging output above.
24 verbose exit [ 1, true ]
